<?xml version="1.0" encoding="UTF-8"?>
<!-- Generated by org.testng.reporters.JUnitXMLReporter -->
<testsuite ignored="3" hostname="DESKTOP-GH57NSN" failures="1" tests="1" name="Default test(failed)(failed)" time="58.579" errors="0" timestamp="31 Jul 2019 18:53:37 GMT">
  <testcase classname="com.eweblife.TestCases.TestRSVPSignUpForm" name="submitAfterFillingTest" time="16.323">
    <failure type="org.openqa.selenium.NoSuchElementException" message="Cannot locate option with value: 2
For documentation on this error, please visit: https://www.seleniumhq.org/exceptions/no_such_element.html
Build info: version: &amp;apos;3.141.59&amp;apos;, revision: &amp;apos;e82be7d358&amp;apos;, time: &amp;apos;2018-11-14T08:17:03&amp;apos;
System info: host: &amp;apos;DESKTOP-GH57NSN&amp;apos;, ip: &amp;apos;192.168.43.29&amp;apos;, os.name: &amp;apos;Windows 10&amp;apos;, os.arch: &amp;apos;amd64&amp;apos;, os.version: &amp;apos;10.0&amp;apos;, java.version: &amp;apos;10.0.2&amp;apos;
Driver info: driver.version: unknown">
      <![CDATA[org.openqa.selenium.NoSuchElementException: Cannot locate option with value: 2
For documentation on this error, please visit: https://www.seleniumhq.org/exceptions/no_such_element.html
Build info: version: '3.141.59', revision: 'e82be7d358', time: '2018-11-14T08:17:03'
System info: host: 'DESKTOP-GH57NSN', ip: '192.168.43.29', os.name: 'Windows 10', os.arch: 'amd64', os.version: '10.0', java.version: '10.0.2'
Driver info: driver.version: unknown
at org.openqa.selenium.support.ui.Select.findOptionsByValue(Select.java:283)
at org.openqa.selenium.support.ui.Select.selectByValue(Select.java:186)
at com.RSVP.Pages.SignUpPage.submitAfterFilling(SignUpPage.java:165)
at com.eweblife.TestCases.TestRSVPSignUpForm.submitAfterFillingTest(TestRSVPSignUpForm.java:51)
... Removed 25 stack frames]]>
    </failure>
  </testcase> <!-- submitAfterFillingTest -->
  <testcase classname="com.eweblife.TestCases.TestRSVPSignUpForm" name="profileImageFunctionalityTest" time="0.0">
    <ignored/>
  </testcase> <!-- profileImageFunctionalityTest -->
  <testcase classname="com.eweblife.TestCases.TestRSVPSignUpForm" name="submitWithoutFillingTest" time="0.0">
    <ignored/>
  </testcase> <!-- submitWithoutFillingTest -->
  <testcase classname="com.eweblife.TestCases.TestRSVPSignUpForm" name="signUpPageTitleTest" time="0.0">
    <ignored/>
  </testcase> <!-- signUpPageTitleTest -->
</testsuite> <!-- Default test(failed)(failed) -->
